Warning: ignoring unsupported tag `ALLOW_UNICODE_NAMES    =' at line 79, file /home/travis/build/gedgaudasnikita/Comparison-shopping-engine/Doxyfile
Warning: ignoring unsupported tag `GROUP_NESTED_COMPOUNDS =' at line 351, file /home/travis/build/gedgaudasnikita/Comparison-shopping-engine/Doxyfile
Warning: ignoring unsupported tag `HIDE_COMPOUND_REFERENCE=' at line 522, file /home/travis/build/gedgaudasnikita/Comparison-shopping-engine/Doxyfile
Warning: ignoring unsupported tag `WARN_AS_ERROR          =' at line 746, file /home/travis/build/gedgaudasnikita/Comparison-shopping-engine/Doxyfile
Warning: Tag `CLANG_ASSISTED_PARSING' at line 1020 of file /home/travis/build/gedgaudasnikita/Comparison-shopping-engine/Doxyfile belongs to an option that was not enabled at compile time.
To avoid this warning please remove this line from your configuration file, upgrade it using "doxygen -u", or recompile doxygen with this feature enabled.
Warning: Tag `CLANG_OPTIONS' at line 1028 of file /home/travis/build/gedgaudasnikita/Comparison-shopping-engine/Doxyfile belongs to an option that was not enabled at compile time.
To avoid this warning please remove this line from your configuration file, upgrade it using "doxygen -u", or recompile doxygen with this feature enabled.
Warning: ignoring unsupported tag `LATEX_EXTRA_STYLESHEET =' at line 1700, file /home/travis/build/gedgaudasnikita/Comparison-shopping-engine/Doxyfile
Warning: ignoring unsupported tag `LATEX_TIMESTAMP        =' at line 1767, file /home/travis/build/gedgaudasnikita/Comparison-shopping-engine/Doxyfile
Warning: ignoring unsupported tag `RTF_SOURCE_CODE        =' at line 1833, file /home/travis/build/gedgaudasnikita/Comparison-shopping-engine/Doxyfile
Warning: ignoring unsupported tag `MAN_SUBDIR             =' at line 1868, file /home/travis/build/gedgaudasnikita/Comparison-shopping-engine/Doxyfile
Warning: ignoring unsupported tag `DOCBOOK_PROGRAMLISTING =' at line 1931, file /home/travis/build/gedgaudasnikita/Comparison-shopping-engine/Doxyfile
Warning: ignoring unsupported tag `PLANTUML_JAR_PATH      =' at line 2362, file /home/travis/build/gedgaudasnikita/Comparison-shopping-engine/Doxyfile
Warning: ignoring unsupported tag `PLANTUML_INCLUDE_PATH  =' at line 2367, file /home/travis/build/gedgaudasnikita/Comparison-shopping-engine/Doxyfile
Searching for include files...
Searching for example files...
Searching for images...
Searching for dot files...
Searching for msc files...
Searching for dia files...
Searching for files to exclude
Searching for files to process...
Searching for files in directory /home/travis/build/gedgaudasnikita/Comparison-shopping-engine
Searching for files in directory /home/travis/build/gedgaudasnikita/Comparison-shopping-engine/code_docs
Searching for files in directory /home/travis/build/gedgaudasnikita/Comparison-shopping-engine/code_docs/Comparison-shopping-engine
Searching for files in directory /home/travis/build/gedgaudasnikita/Comparison-shopping-engine/Comparison-shopping-engine-backend
Searching for files in directory /home/travis/build/gedgaudasnikita/Comparison-shopping-engine/Comparison-shopping-engine-backend/data
Searching for files in directory /home/travis/build/gedgaudasnikita/Comparison-shopping-engine/Comparison-shopping-engine-backend/data/db
Searching for files in directory /home/travis/build/gedgaudasnikita/Comparison-shopping-engine/Comparison-shopping-engine-backend/data/norm
Searching for files in directory /home/travis/build/gedgaudasnikita/Comparison-shopping-engine/Comparison-shopping-engine-backend/Properties
Searching for files in directory /home/travis/build/gedgaudasnikita/Comparison-shopping-engine/Comparison-shopping-engine-backend/src
Searching for files in directory /home/travis/build/gedgaudasnikita/Comparison-shopping-engine/Comparison-shopping-engine-backend/src/BusinessLogic
Searching for files in directory /home/travis/build/gedgaudasnikita/Comparison-shopping-engine/Comparison-shopping-engine-backend/src/Controller
Searching for files in directory /home/travis/build/gedgaudasnikita/Comparison-shopping-engine/Comparison-shopping-engine-backend/src/CoreEntities
Searching for files in directory /home/travis/build/gedgaudasnikita/Comparison-shopping-engine/Comparison-shopping-engine-backend/src/Extensions
Searching for files in directory /home/travis/build/gedgaudasnikita/Comparison-shopping-engine/Comparison-shopping-engine-backend/src/ImageRecognition
Searching for files in directory /home/travis/build/gedgaudasnikita/Comparison-shopping-engine/Comparison-shopping-engine-backend/src/ImageRecognition/Parsers
Searching for files in directory /home/travis/build/gedgaudasnikita/Comparison-shopping-engine/Comparison-shopping-engine-backend/src/Server
Searching for files in directory /home/travis/build/gedgaudasnikita/Comparison-shopping-engine/Comparison-shopping-engine-backend/src/Server/Endpoints
Searching for files in directory /home/travis/build/gedgaudasnikita/Comparison-shopping-engine/Comparison-shopping-engine-backend/src/Server/Routers
Searching for files in directory /home/travis/build/gedgaudasnikita/Comparison-shopping-engine/Comparison-shopping-engine-backend/src/Server/Servers
Searching for files in directory /home/travis/build/gedgaudasnikita/Comparison-shopping-engine/Comparison-shopping-engine-backend.Tests
Searching for files in directory /home/travis/build/gedgaudasnikita/Comparison-shopping-engine/Comparison-shopping-engine-core-entities
Searching for files in directory /home/travis/build/gedgaudasnikita/Comparison-shopping-engine/Comparison-shopping-engine-core-entities/Properties
Searching for files in directory /home/travis/build/gedgaudasnikita/Comparison-shopping-engine/Comparison-shopping-engine-core-entities/src
Searching for files in directory /home/travis/build/gedgaudasnikita/Comparison-shopping-engine/Comparison-shopping-engine-core-entities/src/CoreEntities
Searching for files in directory /home/travis/build/gedgaudasnikita/Comparison-shopping-engine/Comparison-shopping-engine-core-entities/src/CoreEntities/ItemComparers
Searching for files in directory /home/travis/build/gedgaudasnikita/Comparison-shopping-engine/Comparison-shopping-engine-core-entities/src/Extensions
Searching for files in directory /home/travis/build/gedgaudasnikita/Comparison-shopping-engine/Comparison-shopping-engine-core-entities.Tests
Searching for files in directory /home/travis/build/gedgaudasnikita/Comparison-shopping-engine/Comparison-shopping-engine-frontend-android
Searching for files in directory /home/travis/build/gedgaudasnikita/Comparison-shopping-engine/Comparison-shopping-engine-frontend-android/Assets
Searching for files in directory /home/travis/build/gedgaudasnikita/Comparison-shopping-engine/Comparison-shopping-engine-frontend-android/Assets/tessdata
Searching for files in directory /home/travis/build/gedgaudasnikita/Comparison-shopping-engine/Comparison-shopping-engine-frontend-android/Properties
Searching for files in directory /home/travis/build/gedgaudasnikita/Comparison-shopping-engine/Comparison-shopping-engine-frontend-android/Resources
Searching for files in directory /home/travis/build/gedgaudasnikita/Comparison-shopping-engine/Comparison-shopping-engine-frontend-android/Resources/layout
Searching for files in directory /home/travis/build/gedgaudasnikita/Comparison-shopping-engine/Comparison-shopping-engine-frontend-android/Resources/values
Searching for files in directory /home/travis/build/gedgaudasnikita/Comparison-shopping-engine/Comparison-shopping-engine-frontend-android/src
Searching for files in directory /home/travis/build/gedgaudasnikita/Comparison-shopping-engine/Comparison-shopping-engine-frontend-android/src/Elements
Searching for files in directory /home/travis/build/gedgaudasnikita/Comparison-shopping-engine/Comparison-shopping-engine-frontend-android/src/Elements/ItemLine
Searching for files in directory /home/travis/build/gedgaudasnikita/Comparison-shopping-engine/Comparison-shopping-engine-frontend-android/src/Elements/ItemLine/Components
Searching for files in directory /home/travis/build/gedgaudasnikita/Comparison-shopping-engine/Comparison-shopping-engine-frontend-android/src/Extensions
Searching for files in directory /home/travis/build/gedgaudasnikita/Comparison-shopping-engine/Comparison-shopping-engine-frontend-android/src/ImageRecognition
Searching for files in directory /home/travis/build/gedgaudasnikita/Comparison-shopping-engine/Comparison-shopping-engine-frontend-android/src/Network
Searching for files in directory /home/travis/build/gedgaudasnikita/Comparison-shopping-engine/Comparison-shopping-engine-frontend-android/src/Other
Searching for files in directory /home/travis/build/gedgaudasnikita/Comparison-shopping-engine/Comparison-shopping-engine-frontend-android/src/Utilities
Searching for files in directory /home/travis/build/gedgaudasnikita/Comparison-shopping-engine/Comparison-shopping-engine-frontend-android.Tests
Searching for files in directory /home/travis/build/gedgaudasnikita/Comparison-shopping-engine/Comparison-shopping-engine-web-protocol
Searching for files in directory /home/travis/build/gedgaudasnikita/Comparison-shopping-engine/Comparison-shopping-engine-web-protocol/Properties
Searching for files in directory /home/travis/build/gedgaudasnikita/Comparison-shopping-engine/Comparison-shopping-engine-web-protocol/src
Searching for files in directory /home/travis/build/gedgaudasnikita/Comparison-shopping-engine/Comparison-shopping-engine-web-protocol/src/Protocol
Searching for files in directory /home/travis/build/gedgaudasnikita/Comparison-shopping-engine/Comparison-shopping-engine-web-protocol/src/Protocol/Endpoints
Searching for files in directory /home/travis/build/gedgaudasnikita/Comparison-shopping-engine/Comparison-shopping-engine-web-protocol.Tests
Reading and parsing tag files
Parsing files
Preprocessing /home/travis/build/gedgaudasnikita/Comparison-shopping-engine/Comparison-shopping-engine-backend/src/BusinessLogic/ItemManager.cs...
Parsing file /home/travis/build/gedgaudasnikita/Comparison-shopping-engine/Comparison-shopping-engine-backend/src/BusinessLogic/ItemManager.cs...
Preprocessing /home/travis/build/gedgaudasnikita/Comparison-shopping-engine/Comparison-shopping-engine-backend/src/Controller/Controller.cs...
Parsing file /home/travis/build/gedgaudasnikita/Comparison-shopping-engine/Comparison-shopping-engine-backend/src/Controller/Controller.cs...
Preprocessing /home/travis/build/gedgaudasnikita/Comparison-shopping-engine/Comparison-shopping-engine-backend/src/CoreEntities/ParseableReceipt.cs...
Parsing file /home/travis/build/gedgaudasnikita/Comparison-shopping-engine/Comparison-shopping-engine-backend/src/CoreEntities/ParseableReceipt.cs...
Preprocessing /home/travis/build/gedgaudasnikita/Comparison-shopping-engine/Comparison-shopping-engine-backend/src/Extensions/HttpListenerRequestExtensions.cs...
Parsing file /home/travis/build/gedgaudasnikita/Comparison-shopping-engine/Comparison-shopping-engine-backend/src/Extensions/HttpListenerRequestExtensions.cs...
Preprocessing /home/travis/build/gedgaudasnikita/Comparison-shopping-engine/Comparison-shopping-engine-backend/src/Extensions/StringExtensions.cs...
Parsing file /home/travis/build/gedgaudasnikita/Comparison-shopping-engine/Comparison-shopping-engine-backend/src/Extensions/StringExtensions.cs...
Preprocessing /home/travis/build/gedgaudasnikita/Comparison-shopping-engine/Comparison-shopping-engine-backend/src/ImageRecognition/IParser.cs...
Parsing file /home/travis/build/gedgaudasnikita/Comparison-shopping-engine/Comparison-shopping-engine-backend/src/ImageRecognition/IParser.cs...
Preprocessing /home/travis/build/gedgaudasnikita/Comparison-shopping-engine/Comparison-shopping-engine-backend/src/ImageRecognition/NormalizationEngine.cs...
Parsing file /home/travis/build/gedgaudasnikita/Comparison-shopping-engine/Comparison-shopping-engine-backend/src/ImageRecognition/NormalizationEngine.cs...
Preprocessing /home/travis/build/gedgaudasnikita/Comparison-shopping-engine/Comparison-shopping-engine-backend/src/ImageRecognition/Parsers/DateParser.cs...
Parsing file /home/travis/build/gedgaudasnikita/Comparison-shopping-engine/Comparison-shopping-engine-backend/src/ImageRecognition/Parsers/DateParser.cs...
Preprocessing /home/travis/build/gedgaudasnikita/Comparison-shopping-engine/Comparison-shopping-engine-backend/src/ImageRecognition/Parsers/ItemListParser.cs...
Parsing file /home/travis/build/gedgaudasnikita/Comparison-shopping-engine/Comparison-shopping-engine-backend/src/ImageRecognition/Parsers/ItemListParser.cs...
Preprocessing /home/travis/build/gedgaudasnikita/Comparison-shopping-engine/Comparison-shopping-engine-backend/src/ImageRecognition/Parsers/StoreParser.cs...
Parsing file /home/travis/build/gedgaudasnikita/Comparison-shopping-engine/Comparison-shopping-engine-backend/src/ImageRecognition/Parsers/StoreParser.cs...
Preprocessing /home/travis/build/gedgaudasnikita/Comparison-shopping-engine/Comparison-shopping-engine-backend/src/Program.cs...
Parsing file /home/travis/build/gedgaudasnikita/Comparison-shopping-engine/Comparison-shopping-engine-backend/src/Program.cs...
Preprocessing /home/travis/build/gedgaudasnikita/Comparison-shopping-engine/Comparison-shopping-engine-backend/src/Server/Endpoints/GetSuggestionsBackendEndpoint.cs...
Parsing file /home/travis/build/gedgaudasnikita/Comparison-shopping-engine/Comparison-shopping-engine-backend/src/Server/Endpoints/GetSuggestionsBackendEndpoint.cs...
Preprocessing /home/travis/build/gedgaudasnikita/Comparison-shopping-engine/Comparison-shopping-engine-backend/src/Server/Endpoints/ProcessImageBackendEndpoint.cs...
Parsing file /home/travis/build/gedgaudasnikita/Comparison-shopping-engine/Comparison-shopping-engine-backend/src/Server/Endpoints/ProcessImageBackendEndpoint.cs...
Preprocessing /home/travis/build/gedgaudasnikita/Comparison-shopping-engine/Comparison-shopping-engine-backend/src/Server/Endpoints/ProcessReceiptBackendEndpoint.cs...
Parsing file /home/travis/build/gedgaudasnikita/Comparison-shopping-engine/Comparison-shopping-engine-backend/src/Server/Endpoints/ProcessReceiptBackendEndpoint.cs...
Preprocessing /home/travis/build/gedgaudasnikita/Comparison-shopping-engine/Comparison-shopping-engine-backend/src/Server/Endpoints/SaveReceiptBackendEndpoint.cs...
Parsing file /home/travis/build/gedgaudasnikita/Comparison-shopping-engine/Comparison-shopping-engine-backend/src/Server/Endpoints/SaveReceiptBackendEndpoint.cs...
Preprocessing /home/travis/build/gedgaudasnikita/Comparison-shopping-engine/Comparison-shopping-engine-backend/src/Server/IBackendEndpoint.cs...
Parsing file /home/travis/build/gedgaudasnikita/Comparison-shopping-engine/Comparison-shopping-engine-backend/src/Server/IBackendEndpoint.cs...
Preprocessing /home/travis/build/gedgaudasnikita/Comparison-shopping-engine/Comparison-shopping-engine-backend/src/Server/IRouter.cs...
Parsing file /home/travis/build/gedgaudasnikita/Comparison-shopping-engine/Comparison-shopping-engine-backend/src/Server/IRouter.cs...
Preprocessing /home/travis/build/gedgaudasnikita/Comparison-shopping-engine/Comparison-shopping-engine-backend/src/Server/IServer.cs...
Parsing file /home/travis/build/gedgaudasnikita/Comparison-shopping-engine/Comparison-shopping-engine-backend/src/Server/IServer.cs...
Preprocessing /home/travis/build/gedgaudasnikita/Comparison-shopping-engine/Comparison-shopping-engine-backend/src/Server/Routers/Router.cs...
Parsing file /home/travis/build/gedgaudasnikita/Comparison-shopping-engine/Comparison-shopping-engine-backend/src/Server/Routers/Router.cs...
Preprocessing /home/travis/build/gedgaudasnikita/Comparison-shopping-engine/Comparison-shopping-engine-backend/src/Server/Servers/HTTPServer.cs...
Parsing file /home/travis/build/gedgaudasnikita/Comparison-shopping-engine/Comparison-shopping-engine-backend/src/Server/Servers/HTTPServer.cs...
Preprocessing /home/travis/build/gedgaudasnikita/Comparison-shopping-engine/Comparison-shopping-engine-core-entities/src/CoreEntities/Item.cs...
Parsing file /home/travis/build/gedgaudasnikita/Comparison-shopping-engine/Comparison-shopping-engine-core-entities/src/CoreEntities/Item.cs...
Preprocessing /home/travis/build/gedgaudasnikita/Comparison-shopping-engine/Comparison-shopping-engine-core-entities/src/CoreEntities/ItemComparers/ItemDateComparer.cs...
Parsing file /home/travis/build/gedgaudasnikita/Comparison-shopping-engine/Comparison-shopping-engine-core-entities/src/CoreEntities/ItemComparers/ItemDateComparer.cs...
Preprocessing /home/travis/build/gedgaudasnikita/Comparison-shopping-engine/Comparison-shopping-engine-core-entities/src/CoreEntities/ItemComparers/ItemNameComparer.cs...
Parsing file /home/travis/build/gedgaudasnikita/Comparison-shopping-engine/Comparison-shopping-engine-core-entities/src/CoreEntities/ItemComparers/ItemNameComparer.cs...
Preprocessing /home/travis/build/gedgaudasnikita/Comparison-shopping-engine/Comparison-shopping-engine-core-entities/src/CoreEntities/ItemComparers/ItemPriceComparer.cs...
Parsing file /home/travis/build/gedgaudasnikita/Comparison-shopping-engine/Comparison-shopping-engine-core-entities/src/CoreEntities/ItemComparers/ItemPriceComparer.cs...
Preprocessing /home/travis/build/gedgaudasnikita/Comparison-shopping-engine/Comparison-shopping-engine-core-entities/src/CoreEntities/ItemComparers/ItemStoreComparer.cs...
Parsing file /home/travis/build/gedgaudasnikita/Comparison-shopping-engine/Comparison-shopping-engine-core-entities/src/CoreEntities/ItemComparers/ItemStoreComparer.cs...
Preprocessing /home/travis/build/gedgaudasnikita/Comparison-shopping-engine/Comparison-shopping-engine-core-entities/src/CoreEntities/Receipt.cs...
Parsing file /home/travis/build/gedgaudasnikita/Comparison-shopping-engine/Comparison-shopping-engine-core-entities/src/CoreEntities/Receipt.cs...
Preprocessing /home/travis/build/gedgaudasnikita/Comparison-shopping-engine/Comparison-shopping-engine-core-entities/src/Extensions/JsonSerializerStream.cs...
Parsing file /home/travis/build/gedgaudasnikita/Comparison-shopping-engine/Comparison-shopping-engine-core-entities/src/Extensions/JsonSerializerStream.cs...
Preprocessing /home/travis/build/gedgaudasnikita/Comparison-shopping-engine/Comparison-shopping-engine-core-entities/src/Extensions/StringExtensions.cs...
Parsing file /home/travis/build/gedgaudasnikita/Comparison-shopping-engine/Comparison-shopping-engine-core-entities/src/Extensions/StringExtensions.cs...
Preprocessing /home/travis/build/gedgaudasnikita/Comparison-shopping-engine/Comparison-shopping-engine-frontend-android/AppResources.Designer.cs...
Parsing file /home/travis/build/gedgaudasnikita/Comparison-shopping-engine/Comparison-shopping-engine-frontend-android/AppResources.Designer.cs...
Preprocessing /home/travis/build/gedgaudasnikita/Comparison-shopping-engine/Comparison-shopping-engine-frontend-android/ConfigActivity.cs...
Parsing file /home/travis/build/gedgaudasnikita/Comparison-shopping-engine/Comparison-shopping-engine-frontend-android/ConfigActivity.cs...
Preprocessing /home/travis/build/gedgaudasnikita/Comparison-shopping-engine/Comparison-shopping-engine-frontend-android/MainActivity.cs...
Parsing file /home/travis/build/gedgaudasnikita/Comparison-shopping-engine/Comparison-shopping-engine-frontend-android/MainActivity.cs...
Preprocessing /home/travis/build/gedgaudasnikita/Comparison-shopping-engine/Comparison-shopping-engine-frontend-android/Resources/Resource.Designer.cs...
Parsing file /home/travis/build/gedgaudasnikita/Comparison-shopping-engine/Comparison-shopping-engine-frontend-android/Resources/Resource.Designer.cs...
Preprocessing /home/travis/build/gedgaudasnikita/Comparison-shopping-engine/Comparison-shopping-engine-frontend-android/ResultsActivity.cs...
Parsing file /home/travis/build/gedgaudasnikita/Comparison-shopping-engine/Comparison-shopping-engine-frontend-android/ResultsActivity.cs...
Preprocessing /home/travis/build/gedgaudasnikita/Comparison-shopping-engine/Comparison-shopping-engine-frontend-android/src/Configuration.cs...
Parsing file /home/travis/build/gedgaudasnikita/Comparison-shopping-engine/Comparison-shopping-engine-frontend-android/src/Configuration.cs...
Preprocessing /home/travis/build/gedgaudasnikita/Comparison-shopping-engine/Comparison-shopping-engine-frontend-android/src/Elements/ItemLine/Components/ItemDateView.cs...
Parsing file /home/travis/build/gedgaudasnikita/Comparison-shopping-engine/Comparison-shopping-engine-frontend-android/src/Elements/ItemLine/Components/ItemDateView.cs...
Preprocessing /home/travis/build/gedgaudasnikita/Comparison-shopping-engine/Comparison-shopping-engine-frontend-android/src/Elements/ItemLine/Components/ItemDeleteView.cs...
Parsing file /home/travis/build/gedgaudasnikita/Comparison-shopping-engine/Comparison-shopping-engine-frontend-android/src/Elements/ItemLine/Components/ItemDeleteView.cs...
Preprocessing /home/travis/build/gedgaudasnikita/Comparison-shopping-engine/Comparison-shopping-engine-frontend-android/src/Elements/ItemLine/Components/ItemNameView.cs...
Parsing file /home/travis/build/gedgaudasnikita/Comparison-shopping-engine/Comparison-shopping-engine-frontend-android/src/Elements/ItemLine/Components/ItemNameView.cs...
Preprocessing /home/travis/build/gedgaudasnikita/Comparison-shopping-engine/Comparison-shopping-engine-frontend-android/src/Elements/ItemLine/Components/ItemPriceView.cs...
Parsing file /home/travis/build/gedgaudasnikita/Comparison-shopping-engine/Comparison-shopping-engine-frontend-android/src/Elements/ItemLine/Components/ItemPriceView.cs...
Preprocessing /home/travis/build/gedgaudasnikita/Comparison-shopping-engine/Comparison-shopping-engine-frontend-android/src/Elements/ItemLine/Components/ItemStoreView.cs...
Parsing file /home/travis/build/gedgaudasnikita/Comparison-shopping-engine/Comparison-shopping-engine-frontend-android/src/Elements/ItemLine/Components/ItemStoreView.cs...
Preprocessing /home/travis/build/gedgaudasnikita/Comparison-shopping-engine/Comparison-shopping-engine-frontend-android/src/Elements/ItemLine/ItemLine.cs...
Parsing file /home/travis/build/gedgaudasnikita/Comparison-shopping-engine/Comparison-shopping-engine-frontend-android/src/Elements/ItemLine/ItemLine.cs...
Preprocessing /home/travis/build/gedgaudasnikita/Comparison-shopping-engine/Comparison-shopping-engine-frontend-android/src/Elements/StateColorManager.cs...
Parsing file /home/travis/build/gedgaudasnikita/Comparison-shopping-engine/Comparison-shopping-engine-frontend-android/src/Elements/StateColorManager.cs...
Preprocessing /home/travis/build/gedgaudasnikita/Comparison-shopping-engine/Comparison-shopping-engine-frontend-android/src/Extensions/BitmapExtensions.cs...
Parsing file /home/travis/build/gedgaudasnikita/Comparison-shopping-engine/Comparison-shopping-engine-frontend-android/src/Extensions/BitmapExtensions.cs...
Preprocessing /home/travis/build/gedgaudasnikita/Comparison-shopping-engine/Comparison-shopping-engine-frontend-android/src/ImageRecognition/OcrWrapper.cs...
Parsing file /home/travis/build/gedgaudasnikita/Comparison-shopping-engine/Comparison-shopping-engine-frontend-android/src/ImageRecognition/OcrWrapper.cs...
Preprocessing /home/travis/build/gedgaudasnikita/Comparison-shopping-engine/Comparison-shopping-engine-frontend-android/src/Network/BackendInterface.cs...
Parsing file /home/travis/build/gedgaudasnikita/Comparison-shopping-engine/Comparison-shopping-engine-frontend-android/src/Network/BackendInterface.cs...
Preprocessing /home/travis/build/gedgaudasnikita/Comparison-shopping-engine/Comparison-shopping-engine-frontend-android/src/Network/Client.cs...
Parsing file /home/travis/build/gedgaudasnikita/Comparison-shopping-engine/Comparison-shopping-engine-frontend-android/src/Network/Client.cs...
Preprocessing /home/travis/build/gedgaudasnikita/Comparison-shopping-engine/Comparison-shopping-engine-frontend-android/src/Other/AppData.cs...
Parsing file /home/travis/build/gedgaudasnikita/Comparison-shopping-engine/Comparison-shopping-engine-frontend-android/src/Other/AppData.cs...
Preprocessing /home/travis/build/gedgaudasnikita/Comparison-shopping-engine/Comparison-shopping-engine-frontend-android/src/Utilities/SuggestionAdapter.cs...
Parsing file /home/travis/build/gedgaudasnikita/Comparison-shopping-engine/Comparison-shopping-engine-frontend-android/src/Utilities/SuggestionAdapter.cs...
Preprocessing /home/travis/build/gedgaudasnikita/Comparison-shopping-engine/Comparison-shopping-engine-frontend-android/src/Utilities/UiHelpers.cs...
Parsing file /home/travis/build/gedgaudasnikita/Comparison-shopping-engine/Comparison-shopping-engine-frontend-android/src/Utilities/UiHelpers.cs...
Preprocessing /home/travis/build/gedgaudasnikita/Comparison-shopping-engine/Comparison-shopping-engine-web-protocol/src/Protocol/Endpoints/GetSuggestionsEndpoint.cs...
Parsing file /home/travis/build/gedgaudasnikita/Comparison-shopping-engine/Comparison-shopping-engine-web-protocol/src/Protocol/Endpoints/GetSuggestionsEndpoint.cs...
Preprocessing /home/travis/build/gedgaudasnikita/Comparison-shopping-engine/Comparison-shopping-engine-web-protocol/src/Protocol/Endpoints/ProcessImageEndpoint.cs...
Parsing file /home/travis/build/gedgaudasnikita/Comparison-shopping-engine/Comparison-shopping-engine-web-protocol/src/Protocol/Endpoints/ProcessImageEndpoint.cs...
Preprocessing /home/travis/build/gedgaudasnikita/Comparison-shopping-engine/Comparison-shopping-engine-web-protocol/src/Protocol/Endpoints/ProcessReceiptEndpoint.cs...
Parsing file /home/travis/build/gedgaudasnikita/Comparison-shopping-engine/Comparison-shopping-engine-web-protocol/src/Protocol/Endpoints/ProcessReceiptEndpoint.cs...
Preprocessing /home/travis/build/gedgaudasnikita/Comparison-shopping-engine/Comparison-shopping-engine-web-protocol/src/Protocol/Endpoints/SaveReceiptEndpoint.cs...
Parsing file /home/travis/build/gedgaudasnikita/Comparison-shopping-engine/Comparison-shopping-engine-web-protocol/src/Protocol/Endpoints/SaveReceiptEndpoint.cs...
Preprocessing /home/travis/build/gedgaudasnikita/Comparison-shopping-engine/Comparison-shopping-engine-web-protocol/src/Protocol/IEndpoint.cs...
Parsing file /home/travis/build/gedgaudasnikita/Comparison-shopping-engine/Comparison-shopping-engine-web-protocol/src/Protocol/IEndpoint.cs...
Preprocessing /home/travis/build/gedgaudasnikita/Comparison-shopping-engine/Comparison-shopping-engine-web-protocol/src/Protocol/IEndpointMeta.cs...
Parsing file /home/travis/build/gedgaudasnikita/Comparison-shopping-engine/Comparison-shopping-engine-web-protocol/src/Protocol/IEndpointMeta.cs...
Reading /home/travis/build/gedgaudasnikita/Comparison-shopping-engine/README.md...
Building group list...
Building directory list...
Building namespace list...
Building file list...
Building class list...
Associating documentation with classes...
Computing nesting relations for clas/home/travis/build/gedgaudasnikita/Comparison-shopping-engine/Comparison-shopping-engine-backend/src/Controller/Controller.cs:33: warning: unable to resolve link to `Receipt' for \link command
/home/travis/build/gedgaudasnikita/Comparison-shopping-engine/Comparison-shopping-engine-backend/src/Controller/Controller.cs:34: warning: Unexpected xml/html command summary found
/home/travis/build/gedgaudasnikita/Comparison-shopping-engine/Comparison-shopping-engine-backend/src/Controller/Controller.cs:18: warning: unable to resolve link to `Receipt' for \link command
/home/travis/build/gedgaudasnikita/Comparison-shopping-engine/Comparison-shopping-engine-backend/src/Controller/Controller.cs:19: warning: Unexpected xml/html command summary found
/home/travis/build/gedgaudasnikita/Comparison-shopping-engine/Comparison-shopping-engine-backend/src/Controller/Controller.cs:47: warning: unable to resolve link to `Receipt' for \link command
/home/travis/build/gedgaudasnikita/Comparison-shopping-engine/Comparison-shopping-engine-backend/src/Controller/Controller.cs:48: warning: Unexpected xml/html command summary found
/home/travis/build/gedgaudasnikita/Comparison-shopping-engine/Comparison-shopping-engine-backend/src/ImageRecognition/Parsers/DateParser.cs:14: warning: Unexpected xml/html command summary found
/home/travis/build/gedgaudasnikita/Comparison-shopping-engine/Comparison-shopping-engine-backend/src/ImageRecognition/Parsers/ItemListParser.cs:15: warning: Unexpected xml/html command summary found
/home/travis/build/gedgaudasnikita/Comparison-shopping-engine/Comparison-shopping-engine-backend/src/ImageRecognition/Parsers/StoreParser.cs:14: warning: Unexpected xml/html command summary found
ses...
Building example list...
Searching for enumerations...
Searching for documented typedefs...
Searching for members imported via using declarations...
Searching for included using directives...
Searching for documented variables...
Building interface member list...
Building member list...
Searching for friends...
Searching for documented defines...
Computing class inheritance relations...
Computing class usage relations...
Flushing cached template relations that have become invalid...
Creating members for template instances...
Computing class relations...
Add enum values to enums...
Searching for member function documentation...
Building page list...
Search for main page...
Computing page relations...
Determining the scope of groups...
Sorting lists...
Freeing entry tree
Determining which enums are documented
Computing member relations...
Building full member lists recursively...
Adding members to member groups.
Computing member references...
Inheriting documentation...
Generating disk names...
Adding source references...
Adding xrefitems...
Sorting member lists...
Computing dependencies between directories...
Generating citations page...
Counting data structures...
Resolving user defined references...
Finding anchors and sections in the documentation...
Transferring function references...
Combining using relations...
Adding members to index pages...
Generating style sheet...
Generating search indices...
Generating example documentation...
Generating file sources...
Generating code for file /home/travis/build/gedgaudasnikita/Comparison-shopping-engine/Comparison-shopping-engine-backend/src/BusinessLogic/ItemManager.cs...
Generating code for file /home/travis/build/gedgaudasnikita/Comparison-shopping-engine/Comparison-shopping-engine-backend/src/Controller/Controller.cs...
Generating code for file /home/travis/build/gedgaudasnikita/Comparison-shopping-engine/Comparison-shopping-engine-backend/src/CoreEntities/ParseableReceipt.cs...
Generating code for file /home/travis/build/gedgaudasnikita/Comparison-shopping-engine/Comparison-shopping-engine-backend/src/Extensions/HttpListenerRequestExtensions.cs...
Generating code for file /home/travis/build/gedgaudasnikita/Comparison-shopping-engine/Comparison-shopping-engine-backend/src/Extensions/StringExtensions.cs...
Generating code for file /home/travis/build/gedgaudasnikita/Comparison-shopping-engine/Comparison-shopping-engine-core-entities/src/Extensions/StringExtensions.cs...
Generating code for file /home/travis/build/gedgaudasnikita/Comparison-shopping-engine/Comparison-shopping-engine-backend/src/ImageRecognition/IParser.cs...
Generating code for file /home/travis/build/gedgaudasnikita/Comparison-shopping-engine/Comparison-shopping-engine-backend/src/ImageRecognition/NormalizationEngine.cs...
Generating code for file /home/travis/build/gedgaudasnikita/Comparison-shopping-engine/Comparison-shopping-engine-backend/src/ImageRecognition/Parsers/DateParser.cs...
Generating code for file /home/travis/build/gedgaudasnikita/Comparison-shopping-engine/Comparison-shopping-engine-backend/src/ImageRecognition/Parsers/ItemListParser.cs...
Generating code for file /home/travis/build/gedgaudasnikita/Comparison-shopping-engine/Comparison-shopping-engine-backend/src/ImageRecognition/Parsers/StoreParser.cs...
Generating code for file /home/travis/build/gedgaudasnikita/Comparison-shopping-engine/Comparison-shopping-engine-backend/src/Program.cs...
Generating code for file /home/travis/build/gedgaudasnikita/Comparison-shopping-engine/Comparison-shopping-engine-backend/src/Server/Endpoints/GetSuggestionsBackendEndpoint.cs...
Generating code for file /home/travis/build/gedgaudasnikita/Comparison-shopping-engine/Comparison-shopping-engine-backend/src/Server/Endpoints/ProcessImageBackendEndpoint.cs...
Generating code for file /home/travis/build/gedgaudasnikita/Comparison-shopping-engine/Comparison-shopping-engine-backend/src/Server/Endpoints/ProcessReceiptBackendEndpoint.cs...
Generating code for file /home/travis/build/gedgaudasnikita/Comparison-shopping-engine/Comparison-shopping-engine-backend/src/Server/Endpoints/SaveReceiptBackendEndpoint.cs...
Generating code for file /home/travis/build/gedgaudasnikita/Comparison-shopping-engine/Comparison-shopping-engine-backend/src/Server/IBackendEndpoint.cs...
Generating code for file /home/travis/build/gedgaudasnikita/Comparison-shopping-engine/Comparison-shopping-engine-backend/src/Server/IRouter.cs...
Generating code for file /home/travis/build/gedgaudasnikita/Comparison-shopping-engine/Comparison-shopping-engine-backend/src/Server/IServer.cs...
Generating code for file /home/travis/build/gedgaudasnikita/Comparison-shopping-engine/Comparison-shopping-engine-backend/src/Server/Routers/Router.cs...
Generating code for file /home/travis/build/gedgaudasnikita/Comparison-shopping-engine/Comparison-shopping-engine-backend/src/Server/Servers/HTTPServer.cs...
Generating code for file /home/travis/build/gedgaudasnikita/Comparison-shopping-engine/Comparison-shopping-engine-core-entities/src/CoreEntities/Item.cs...
Generating code for file /home/travis/build/gedgaudasnikita/Comparison-shopping-engine/Comparison-shopping-engine-core-entities/src/CoreEntities/ItemComparers/ItemDateComparer.cs...
Generating code for file /home/travis/build/gedgaudasnikita/Comparison-shopping-engine/Comparison-shopping-engine-core-entities/src/CoreEntities/ItemComparers/ItemNameComparer.cs...
Generating code for file /home/travis/build/gedgaudasnikita/Comparison-shopping-engine/Comparison-shopping-engine-core-entities/src/CoreEntities/ItemComparers/ItemPriceComparer.cs...
Generating code for file /home/travis/build/gedgaudasnikita/Comparison-shopping-engine/Comparison-shopping-engine-core-entities/src/CoreEntities/ItemComparers/ItemStoreComparer.cs...
Generating code for file /home/travis/build/gedgaudasnikita/Comparison-shopping-engine/Comparison-shopping-engine-core-entities/src/CoreEntities/Receipt.cs...
Generating code for file /home/travis/build/gedgaudasnikita/Comparison-shopping-engine/Comparison-shopping-engine-core-entities/src/Extensions/JsonSerializerStream.cs...
Generating code for file /home/travis/build/gedgaudasnikita/Comparison-shopping-engine/Comparison-shopping-engine-frontend-android/AppResources.Designer.cs...
Generating code for file /home/travis/build/gedgaudasnikita/Comparison-shopping-engine/Comparison-shopping-engine-frontend-android/ConfigActivity.cs...
Generating code for file /home/travis/build/gedgaudasnikita/Comparison-shopping-engine/Comparison-shopping-engine-frontend-android/MainActivity.cs...
Generating code for file /home/travis/build/gedgaudasnikita/Comparison-shopping-engine/Comparison-shopping-engine-frontend-android/Resources/Resource.Designer.cs...
Generating code for file /home/travis/build/gedgaudasnikita/Comparison-shopping-engine/Comparison-shopping-engine-frontend-android/ResultsActivity.cs...
Generating code for file /home/travis/build/gedgaudasnikita/Comparison-shopping-engine/Comparison-shopping-engine-frontend-android/src/Configuration.cs...
Generating code for file /home/travis/build/gedgaudasnikita/Comparison-shopping-engine/Comparison-shopping-engine-frontend-android/src/Elements/ItemLine/Components/ItemDateView.cs...
Generating code for file /home/travis/build/gedgaudasnikita/Comparison-shopping-engine/Comparison-shopping-engine-frontend-android/src/Elements/ItemLine/Components/ItemDeleteView.cs...
Generating code for file /home/travis/build/gedgaudasnikita/Comparison-shopping-engine/Comparison-shopping-engine-frontend-android/src/Elements/ItemLine/Components/ItemNameView.cs...
Generating code for file /home/travis/build/gedgaudasnikita/Comparison-shopping-engine/Comparison-shopping-engine-frontend-android/src/Elements/ItemLine/Components/ItemPriceView.cs...
Generating code for file /home/travis/build/gedgaudasnikita/Comparison-shopping-engine/Comparison-shopping-engine-frontend-android/src/Elements/ItemLine/Components/ItemStoreView.cs...
Generating code for file /home/travis/build/gedgaudasnikita/Comparison-shopping-engine/Comparison-shopping-engine-frontend-android/src/Elements/ItemLine/ItemLine.cs...
Generating code for file /home/travis/b/home/travis/build/gedgaudasnikita/Comparison-shopping-engine/Comparison-shopping-engine-backend/src/ImageRecognition/Parsers/DateParser.cs:14: warning: Unexpected xml/html command summary found
/home/travis/build/gedgaudasnikita/Comparison-shopping-engine/Comparison-shopping-engine-backend/src/ImageRecognition/Parsers/ItemListParser.cs:15: warning: Unexpected xml/html command summary found
uild/gedgaudasnikita/Comparison-shopping-engine/Comparison-shopping-engine-frontend-android/src/Elements/StateColorManager.cs...
Generating code for file /home/travis/build/gedgaudasnikita/Comparison-shopping-engine/Comparison-shopping-engine-frontend-android/src/Extensions/BitmapExtensions.cs...
Generating code for file /home/travis/build/gedgaudasnikita/Comparison-shopping-engine/Comparison-shopping-engine-frontend-android/src/ImageRecognition/OcrWrapper.cs...
Generating code for file /home/travis/build/gedgaudasnikita/Comparison-shopping-engine/Comparison-shopping-engine-frontend-android/src/Network/BackendInterface.cs...
Generating code for file /home/travis/build/gedgaudasnikita/Comparison-shopping-engine/Comparison-shopping-engine-frontend-android/src/Network/Client.cs...
Generating code for file /home/travis/build/gedgaudasnikita/Comparison-shopping-engine/Comparison-shopping-engine-frontend-android/src/Other/AppData.cs...
Generating code for file /home/travis/build/gedgaudasnikita/Comparison-shopping-engine/Comparison-shopping-engine-frontend-android/src/Utilities/SuggestionAdapter.cs...
Generating code for file /home/travis/build/gedgaudasnikita/Comparison-shopping-engine/Comparison-shopping-engine-frontend-android/src/Utilities/UiHelpers.cs...
Generating code for file /home/travis/build/gedgaudasnikita/Comparison-shopping-engine/Comparison-shopping-engine-web-protocol/src/Protocol/Endpoints/GetSuggestionsEndpoint.cs...
Generating code for file /home/travis/build/gedgaudasnikita/Comparison-shopping-engine/Comparison-shopping-engine-web-protocol/src/Protocol/Endpoints/ProcessImageEndpoint.cs...
Generating code for file /home/travis/build/gedgaudasnikita/Comparison-shopping-engine/Comparison-shopping-engine-web-protocol/src/Protocol/Endpoints/ProcessReceiptEndpoint.cs...
Generating code for file /home/travis/build/gedgaudasnikita/Comparison-shopping-engine/Comparison-shopping-engine-web-protocol/src/Protocol/Endpoints/SaveReceiptEndpoint.cs...
Generating code for file /home/travis/build/gedgaudasnikita/Comparison-shopping-engine/Comparison-shopping-engine-web-protocol/src/Protocol/IEndpoint.cs...
Generating code for file /home/travis/build/gedgaudasnikita/Comparison-shopping-engine/Comparison-shopping-engine-web-protocol/src/Protocol/IEndpointMeta.cs...
Generating code for file /home/travis/build/gedgaudasnikita/Comparison-shopping-engine/README.md...
Generating file documentation...
Generating docs for file /home/travis/build/gedgaudasnikita/Comparison-shopping-engine/Comparison-shopping-engine-backend/src/BusinessLogic/ItemManager.cs...
Generating docs for file /home/travis/build/gedgaudasnikita/Comparison-shopping-engine/Comparison-shopping-engine-backend/src/Controller/Controller.cs...
Generating docs for file /home/travis/build/gedgaudasnikita/Comparison-shopping-engine/Comparison-shopping-engine-backend/src/CoreEntities/ParseableReceipt.cs...
Generating docs for file /home/travis/build/gedgaudasnikita/Comparison-shopping-engine/Comparison-shopping-engine-backend/src/Extensions/HttpListenerRequestExtensions.cs...
Generating docs for file /home/travis/build/gedgaudasnikita/Comparison-shopping-engine/Comparison-shopping-engine-backend/src/Extensions/StringExtensions.cs...
Generating docs for file /home/travis/build/gedgaudasnikita/Comparison-shopping-engine/Comparison-shopping-engine-core-entities/src/Extensions/StringExtensions.cs...
Generating docs for file /home/travis/build/gedgaudasnikita/Comparison-shopping-engine/Comparison-shopping-engine-backend/src/ImageRecognition/IParser.cs...
Generating docs for file /home/travis/build/gedgaudasnikita/Comparison-shopping-engine/Comparison-shopping-engine-backend/src/ImageRecognition/NormalizationEngine.cs...
Generating docs for file /home/travis/build/gedgaudasnikita/Comparison-shopping-engine/Comparison-shopping-engine-backend/src/ImageRecognition/Parsers/DateParser.cs...
Generating docs for file /home/travis/build/gedgaudasnikita/Comparison-shopping-engine/Comparison-shopping-engine-backend/src/ImageRecognition/Parsers/ItemListParser.cs...
Generating docs for fil/home/travis/build/gedgaudasnikita/Comparison-shopping-engine/Comparison-shopping-engine-backend/src/ImageRecognition/Parsers/StoreParser.cs:14: warning: Unexpected xml/html command summary found
e /home/travis/build/gedgaudasnikita/Comparison-shopping-engine/Comparison-shopping-engine-backend/src/ImageRecognition/Parsers/StoreParser.cs...
Generating docs for file /home/travis/build/gedgaudasnikita/Comparison-shopping-engine/Comparison-shopping-engine-backend/src/Program.cs...
Generating docs for file /home/travis/build/gedgaudasnikita/Comparison-shopping-engine/Comparison-shopping-engine-backend/src/Server/Endpoints/GetSuggestionsBackendEndpoint.cs...
Generating docs for file /home/travis/build/gedgaudasnikita/Comparison-shopping-engine/Comparison-shopping-engine-backend/src/Server/Endpoints/ProcessImageBackendEndpoint.cs...
Generating docs for file /home/travis/build/gedgaudasnikita/Comparison-shopping-engine/Comparison-shopping-engine-backend/src/Server/Endpoints/ProcessReceiptBackendEndpoint.cs...
Generating docs for file /home/travis/build/gedgaudasnikita/Comparison-shopping-engine/Comparison-shopping-engine-backend/src/Server/Endpoints/SaveReceiptBackendEndpoint.cs...
Generating docs for file /home/travis/build/gedgaudasnikita/Comparison-shopping-engine/Comparison-shopping-engine-backend/src/Server/IBackendEndpoint.cs...
Generating docs for file /home/travis/build/gedgaudasnikita/Comparison-shopping-engine/Comparison-shopping-engine-backend/src/Server/IRouter.cs...
Generating docs for file /home/travis/build/gedgaudasnikita/Comparison-shopping-engine/Comparison-shopping-engine-backend/src/Server/IServer.cs...
Generating docs for file /home/travis/build/gedgaudasnikita/Comparison-shopping-engine/Comparison-shopping-engine-backend/src/Server/Routers/Router.cs...
Generating docs for file /home/travis/build/gedgaudasnikita/Comparison-shopping-engine/Comparison-shopping-engine-backend/src/Server/Servers/HTTPServer.cs...
Generating docs for file /home/travis/build/gedgaudasnikita/Comparison-shopping-engine/Comparison-shopping-engine-core-entities/src/CoreEntities/Item.cs...
Generating docs for file /home/travis/build/gedgaudasnikita/Comparison-shopping-engine/Comparison-shopping-engine-core-entities/src/CoreEntities/ItemComparers/ItemDateComparer.cs...
Generating docs for file /home/travis/build/gedgaudasnikita/Comparison-shopping-engine/Comparison-shopping-engine-core-entities/src/CoreEntities/ItemComparers/ItemNameComparer.cs...
Generating docs for file /home/travis/build/gedgaudasnikita/Comparison-shopping-engine/Comparison-shopping-engine-core-entities/src/CoreEntities/ItemComparers/ItemPriceComparer.cs...
Generating docs for file /home/travis/build/gedgaudasnikita/Comparison-shopping-engine/Comparison-shopping-engine-core-entities/src/CoreEntities/ItemComparers/ItemStoreComparer.cs...
Generating docs for file /home/travis/build/gedgaudasnikita/Comparison-shopping-engine/Comparison-shopping-engine-core-entities/src/CoreEntities/Receipt.cs...
Generating docs for file /home/travis/build/gedgaudasnikita/Comparison-shopping-engine/Comparison-shopping-engine-core-entities/src/Extensions/JsonSerializerStream.cs...
Generating docs for file /home/travis/build/gedgaudasnikita/Comparison-shopping-engine/Comparison-shopping-engine-frontend-android/AppResources.Designer.cs...
Generating docs for file /home/travis/build/gedgaudasnikita/Comparison-shopping-engine/Comparison-shopping-engine-frontend-android/ConfigActivity.cs...
Generating docs for file /home/travis/build/gedgaudasnikita/Comparison-shopping-engine/Comparison-shopping-engine-frontend-android/MainActivity.cs...
Generating docs for file /home/travis/build/gedgaudasnikita/Comparison-shopping-engine/Comparison-shopping-engine-frontend-android/Resources/Resource.Designer.cs...
Generating docs for file /home/travis/build/gedgaudasnikita/Comparison-shopping-engine/Comparison-shopping-engine-frontend-android/ResultsActivity.cs...
Generating docs for file /home/travis/build/gedgaudasnikita/Comparison-shopping-engine/Comparison-shopping-engine-frontend-android/src/Configuration.cs...
Generating docs for file /home/travis/build/gedgaudasnikita/Comparison-shopping-engine/Comparison-shopping-engine-frontend-android/src/Elements/ItemLine/Components/ItemDateView.cs...
Gener/home/travis/build/gedgaudasnikita/Comparison-shopping-engine/Comparison-shopping-engine-backend/src/ImageRecognition/Parsers/DateParser.cs:14: warning: Unexpected xml/html command summary found
/home/travis/build/gedgaudasnikita/Comparison-shopping-engine/Comparison-shopping-engine-backend/src/ImageRecognition/Parsers/ItemListParser.cs:15: warning: Unexpected xml/html command summary found
/home/travis/build/gedgaudasnikita/Comparison-shopping-engine/Comparison-shopping-engine-backend/src/ImageRecognition/Parsers/StoreParser.cs:14: warning: Unexpected xml/html command summary found
/home/travis/build/gedgaudasnikita/Comparison-shopping-engine/Comparison-shopping-engine-backend/src/BusinessLogic/ItemManager.cs:69: warning: unable to resolve link to `List{Item}' for \link command
/home/travis/build/gedgaudasnikita/Comparison-shopping-engine/Comparison-shopping-engine-backend/src/BusinessLogic/ItemManager.cs:69: warning: Unexpected xml/html command param found
/home/travis/build/gedgaudasnikita/Comparison-shopping-engine/Comparison-shopping-engine-backend/src/BusinessLogic/ItemManager.cs:70: warning: unterminated param or exception tag
/home/travis/build/gedgaudasnikita/Comparison-shopping-engine/Comparison-shopping-engine-backend/src/Controller/Controller.cs:18: warning: unable to resolve link to `Receipt' for \link command
/home/travis/build/gedgaudasnikita/Comparison-shopping-engine/Comparison-shopping-engine-backend/src/Controller/Controller.cs:19: warning: Unexpected xml/html command summary found
/home/travis/build/gedgaudasnikita/Comparison-shopping-engine/Comparison-shopping-engine-backend/src/Controller/Controller.cs:33: warning: unable to resolve link to `Receipt' for \link command
/home/travis/build/gedgaudasnikita/Comparison-shopping-engine/Comparison-shopping-engine-backend/src/Controller/Controller.cs:34: warning: Unexpected xml/html command summary found
/home/travis/build/gedgaudasnikita/Comparison-shopping-engine/Comparison-shopping-engine-backend/src/Controller/Controller.cs:47: warning: unable to resolve link to `Receipt' for \link command
/home/travis/build/gedgaudasnikita/Comparison-shopping-engine/Comparison-shopping-engine-backend/src/Controller/Controller.cs:48: warning: Unexpected xml/html command summary found
/home/travis/build/gedgaudasnikita/Comparison-shopping-engine/Comparison-shopping-engine-backend/src/Controller/Controller.cs:18: warning: unable to resolve link to `Receipt' for \link command
/home/travis/build/gedgaudasnikita/Comparison-shopping-engine/Comparison-shopping-engine-backend/src/Controller/Controller.cs:19: warning: Unexpected xml/html command summary found
/home/travis/build/gedgaudasnikita/Comparison-shopping-engine/Comparison-shopping-engine-backend/src/Controller/Controller.cs:19: warning: unable to resolve link to `Receipt' for \link command
/home/travis/build/gedgaudasnikita/Comparison-shopping-engine/Comparison-shopping-engine-backend/src/Controller/Controller.cs:19: warning: Unexpected xml/html command returns found
/home/travis/build/gedgaudasnikita/Comparison-shopping-engine/Comparison-shopping-engine-backend/src/Controller/Controller.cs:33: warning: unable to resolve link to `Receipt' for \link command
/home/travis/build/gedgaudasnikita/Comparison-shopping-engine/Comparison-shopping-engine-backend/src/Controller/Controller.cs:34: warning: Unexpected xml/html command summary found
/home/travis/build/gedgaudasnikita/Comparison-shopping-engine/Comparison-shopping-engine-backend/src/Controller/Controller.cs:33: warning: unable to resolve link to `Receipt' for \link command
/home/travis/build/gedgaudasnikita/Comparison-shopping-engine/Comparison-shopping-engine-backend/src/Controller/Controller.cs:33: warning: Unexpected xml/html command param found
/home/travis/build/gedgaudasnikita/Comparison-shopping-engine/Comparison-shopping-engine-backend/src/Controller/Controller.cs:34: warning: unable to resolve link to `List{Item}' for \link command
/home/travis/build/gedgaudasnikita/Comparison-shopping-engine/Comparison-shopping-engine-backend/src/Controller/Controller.cs:34: warning: Unexpected xml/html command returns found
/home/travis/build/gedgaudasnikita/Comparison-shopping-engine/Comparison-shopping-engine-backend/src/Controller/Controller.cs:35: warning: unterminated param or exception tag
/home/travis/build/gedgaudasnikita/Comparison-shopping-engine/Comparison-shopping-engine-backend/src/Controller/Controller.cs:47: warning: unable to resolve link to `Receipt' for \link command
/home/travis/build/gedgaudasnikita/Comparison-shopping-engine/Comparison-shopping-engine-backend/src/Controller/Controller.cs:48: warning: Unexpected xml/html command summary found
/home/travis/build/gedgaudasnikita/Comparison-shopping-engine/Comparison-shopping-engine-backend/src/Controller/Controller.cs:47: warning: unable to resolve link to `Receipt' for \link command
/home/travis/build/gedgaudasnikita/Comparison-shopping-engine/Comparison-shopping-engine-backend/src/Controller/Controller.cs:47: warning: Unexpected xml/html command param found
/home/travis/build/gedgaudasnikita/Comparison-shopping-engine/Comparison-shopping-engine-backend/src/Controller/Controller.cs:48: warning: unterminated param or exception tag
/home/travis/build/gedgaudasnikita/Comparison-shopping-engine/Comparison-shopping-engine-backend/src/ImageRecognition/IParser.cs:16: warning: unable to resolve link to `Receipt' for \link command
/home/travis/build/gedgaudasnikita/Comparison-shopping-engine/Comparison-shopping-engine-backend/src/ImageRecognition/IParser.cs:17: warning: Unexpected xml/html command summary found
/home/travis/build/gedgaudasnikita/Comparison-shopping-engine/Comparison-shopping-engine-backend/src/ImageRecognition/IParser.cs:16: warning: unable to resolve link to `Receipt' for \link command
/home/travis/build/gedgaudasnikita/Comparison-shopping-engine/Comparison-shopping-engine-backend/src/ImageRecognition/IParser.cs:17: warning: Unexpected xml/html command summary found
ating docs for file /home/travis/build/gedgaudasnikita/Comparison-shopping-engine/Comparison-shopping-engine-frontend-android/src/Elements/ItemLine/Components/ItemDeleteView.cs...
Generating docs for file /home/travis/build/gedgaudasnikita/Comparison-shopping-engine/Comparison-shopping-engine-frontend-android/src/Elements/ItemLine/Components/ItemNameView.cs...
Generating docs for file /home/travis/build/gedgaudasnikita/Comparison-shopping-engine/Comparison-shopping-engine-frontend-android/src/Elements/ItemLine/Components/ItemPriceView.cs...
Generating docs for file /home/travis/build/gedgaudasnikita/Comparison-shopping-engine/Comparison-shopping-engine-frontend-android/src/Elements/ItemLine/Components/ItemStoreView.cs...
Generating docs for file /home/travis/build/gedgaudasnikita/Comparison-shopping-engine/Comparison-shopping-engine-frontend-android/src/Elements/ItemLine/ItemLine.cs...
Generating docs for file /home/travis/build/gedgaudasnikita/Comparison-shopping-engine/Comparison-shopping-engine-frontend-android/src/Elements/StateColorManager.cs...
Generating docs for file /home/travis/build/gedgaudasnikita/Comparison-shopping-engine/Comparison-shopping-engine-frontend-android/src/Extensions/BitmapExtensions.cs...
Generating docs for file /home/travis/build/gedgaudasnikita/Comparison-shopping-engine/Comparison-shopping-engine-frontend-android/src/ImageRecognition/OcrWrapper.cs...
Generating docs for file /home/travis/build/gedgaudasnikita/Comparison-shopping-engine/Comparison-shopping-engine-frontend-android/src/Network/BackendInterface.cs...
Generating docs for file /home/travis/build/gedgaudasnikita/Comparison-shopping-engine/Comparison-shopping-engine-frontend-android/src/Network/Client.cs...
Generating docs for file /home/travis/build/gedgaudasnikita/Comparison-shopping-engine/Comparison-shopping-engine-frontend-android/src/Other/AppData.cs...
Generating docs for file /home/travis/build/gedgaudasnikita/Comparison-shopping-engine/Comparison-shopping-engine-frontend-android/src/Utilities/SuggestionAdapter.cs...
Generating docs for file /home/travis/build/gedgaudasnikita/Comparison-shopping-engine/Comparison-shopping-engine-frontend-android/src/Utilities/UiHelpers.cs...
Generating docs for file /home/travis/build/gedgaudasnikita/Comparison-shopping-engine/Comparison-shopping-engine-web-protocol/src/Protocol/Endpoints/GetSuggestionsEndpoint.cs...
Generating docs for file /home/travis/build/gedgaudasnikita/Comparison-shopping-engine/Comparison-shopping-engine-web-protocol/src/Protocol/Endpoints/ProcessImageEndpoint.cs...
Generating docs for file /home/travis/build/gedgaudasnikita/Comparison-shopping-engine/Comparison-shopping-engine-web-protocol/src/Protocol/Endpoints/ProcessReceiptEndpoint.cs...
Generating docs for file /home/travis/build/gedgaudasnikita/Comparison-shopping-engine/Comparison-shopping-engine-web-protocol/src/Protocol/Endpoints/SaveReceiptEndpoint.cs...
Generating docs for file /home/travis/build/gedgaudasnikita/Comparison-shopping-engine/Comparison-shopping-engine-web-protocol/src/Protocol/IEndpoint.cs...
Generating docs for file /home/travis/build/gedgaudasnikita/Comparison-shopping-engine/Comparison-shopping-engine-web-protocol/src/Protocol/IEndpointMeta.cs...
Generating docs for file /home/travis/build/gedgaudasnikita/Comparison-shopping-engine/README.md...
Generating page documentation...
Generating group documentation...
Generating class documentation...
Generating namespace index...
Generating docs for namespace Comparison_shopping_engine_backend
Generating docs for compound Comparison_shopping_engine_backend::ItemManager...
Generating docs for compound Comparison_shopping_engine_backend::Controller...
Generating docs for compound Comparison_shopping_engine_backend::ParseableReceipt...
Generating docs for compound Comparison_shopping_engine_backend::HttpListenerRequestExtensions...
Generating docs for compound Comparison_shopping_engine_backend::StringExtension...
Generating docs for compound Comparison_shopping_engine_backend::IParser< T >...
Generating docs for compound Comparison_shopping_engin/home/travis/build/gedgaudasnikita/Comparison-shopping-engine/Comparison-shopping-engine-backend/src/ImageRecognition/Parsers/DateParser.cs:14: warning: Unexpected xml/html command summary found
/home/travis/build/gedgaudasnikita/Comparison-shopping-engine/Comparison-shopping-engine-backend/src/ImageRecognition/Parsers/DateParser.cs:14: warning: Unexpected xml/html command summary found
/home/travis/build/gedgaudasnikita/Comparison-shopping-engine/Comparison-shopping-engine-backend/src/ImageRecognition/Parsers/ItemListParser.cs:15: warning: Unexpected xml/html command summary found
/home/travis/build/gedgaudasnikita/Comparison-shopping-engine/Comparison-shopping-engine-backend/src/ImageRecognition/Parsers/ItemListParser.cs:15: warning: Unexpected xml/html command summary found
/home/travis/build/gedgaudasnikita/Comparison-shopping-engine/Comparison-shopping-engine-backend/src/ImageRecognition/Parsers/StoreParser.cs:14: warning: Unexpected xml/html command summary found
/home/travis/build/gedgaudasnikita/Comparison-shopping-engine/Comparison-shopping-engine-backend/src/ImageRecognition/Parsers/StoreParser.cs:14: warning: Unexpected xml/html command summary found
/home/travis/build/gedgaudasnikita/Comparison-shopping-engine/Comparison-shopping-engine-frontend-android/src/ImageRecognition/OcrWrapper.cs:41: warning: argument 'path' of command @param is not found in the argument list of Comparison_shopping_engine_frontend_android.OcrWrapper::ConvertToText(Bitmap receipt, IEnumerable< Action< int >> progressListeners=null)
/home/travis/build/gedgaudasnikita/Comparison-shopping-engine/Comparison-shopping-engine-frontend-android/src/ImageRecognition/OcrWrapper.cs:41: warning: The following parameters of Comparison_shopping_engine_frontend_android.OcrWrapper.ConvertToText(Bitmap receipt, IEnumerable< Action< int >> progressListeners=null) are not documented:
  parameter 'receipt'
  parameter 'progressListeners'
e_backend::NormalizationEngine...
Generating docs for compound Comparison_shopping_engine_backend::DateParser...
Generating docs for compound Comparison_shopping_engine_backend::ItemListParser...
Generating docs for compound Comparison_shopping_engine_backend::StoreParser...
Generating docs for compound Comparison_shopping_engine_backend::Program...
Generating docs for compound Comparison_shopping_engine_backend::GetSuggestionsBackendEndpoint...
Generating docs for compound Comparison_shopping_engine_backend::ProcessImageBackendEndpoint...
Generating docs for compound Comparison_shopping_engine_backend::ProcessReceiptBackendEndpoint...
Generating docs for compound Comparison_shopping_engine_backend::SaveReceiptBackendEndpoint...
Generating docs for compound Comparison_shopping_engine_backend::IBackendEndpoint...
Generating docs for compound Comparison_shopping_engine_backend::IRouter...
Generating docs for compound Comparison_shopping_engine_backend::IServer...
Generating docs for compound Comparison_shopping_engine_backend::Router...
Generating docs for compound Comparison_shopping_engine_backend::HttpServer...
Generating docs for namespace Comparison_shopping_engine_core_entities
Generating docs for compound Comparison_shopping_engine_core_entities::Item...
Generating docs for compound Comparison_shopping_engine_core_entities::ItemDateComparer...
Generating docs for compound Comparison_shopping_engine_core_entities::ItemNameComparer...
Generating docs for compound Comparison_shopping_engine_core_entities::ItemPriceComparer...
Generating docs for compound Comparison_shopping_engine_core_entities::ItemStoreComparer...
Generating docs for compound Comparison_shopping_engine_core_entities::Receipt...
Generating docs for compound Comparison_shopping_engine_core_entities::JsonSerializerStream...
Generating docs for compound Comparison_shopping_engine_core_entities::StringExtension...
Generating docs for namespace Comparison_shopping_engine_frontend_android
Generating docs for compound Comparison_shopping_engine_frontend_android::AppResources...
Generating docs for compound Comparison_shopping_engine_frontend_android::ConfigActivity...
Generating docs for compound Comparison_shopping_engine_frontend_android::MainActivity...
Generating docs for compound Comparison_shopping_engine_frontend_android::Resource...
Generating docs for nested compound Comparison_shopping_engine_frontend_android::Resource::Array...
Generating docs for nested compound Comparison_shopping_engine_frontend_android::Resource::Attribute...
Generating docs for nested compound Comparison_shopping_engine_frontend_android::Resource::Id...
Generating docs for nested compound Comparison_shopping_engine_frontend_android::Resource::Layout...
Generating docs for nested compound Comparison_shopping_engine_frontend_android::Resource::String...
Generating docs for compound Comparison_shopping_engine_frontend_android::ResultsActivity...
Generating docs for compound Comparison_shopping_engine_frontend_android::Configuration...
Generating docs for compound Comparison_shopping_engine_frontend_android::ItemDateView...
Generating docs for compound Comparison_shopping_engine_frontend_android::ItemDeleteView...
Generating docs for compound Comparison_shopping_engine_frontend_android::ItemNameView...
Generating docs for compound Comparison_shopping_engine_frontend_android::ItemPriceView...
Generating docs for compound Comparison_shopping_engine_frontend_android::ItemStoreView...
Generating docs for compound Comparison_shopping_engine_frontend_android::ItemLine...
Generating docs for compound Comparison_shopping_engine_frontend_android::StateColorManager...
Generating docs for compound Comparison_shopping_engine_frontend_android::BitmapExtensions...
Generating docs for compound Comparison_shopping_engine_frontend_android::OcrWrapper...
Generating docs for compound Comparison_shopping_engine_frontend_android::BackendInterface...
Generating docs for compound Comparison_shopping_engine_frontend_android::Client...
Generating docs for compound Comparison_shopping_engine_frontend_android::AppData...
Generating docs for compound Comparison_shopping_engine_frontend_android::SuggestionAdapter...
Generating docs for compound Comparison_shopping_engine_frontend_android::UiHelpers...
Generating docs for namespace Comparison_shopping_engine_web_protocol
Generating docs for compound Comparison_shopping_engine_web_protocol::GetSuggestionsParameters...
Generating docs for compound Comparison_shopping_engine_web_protocol::GetSuggestionsEndpoint...
Generating docs for compound Comparison_shopping_engine_web_protocol::ProcessImageEndpoint...
Generating docs for compound Comparison_shopping_engine_web_protocol::ProcessReceiptEndpoint...
Generating docs for compound Comparison_shopping_engine_web_protocol::SaveReceiptEndpoint...
Generating docs for compound Comparison_shopping_engine_web_protocol::IEndpoint< RequestBody, RequestParameters, ResponseBody >...
Generating docs for compound Comparison_shopping_engine_web_protocol::IEndpointMeta...
Generating graph info page...
Generating directory documentation...
Generating dependency graph for directory /home/travis/build/gedgaudasnikita/Comparison-shopping-engine/Comparison-shopping-engine-backend/src/BusinessLogic
Generating dependency graph for directory /home/travis/build/gedgaudasnikita/Comparison-shopping-engine/Comparison-shopping-engine-backend
Generating dependency graph for directory /home/travis/build/gedgaudasnikita/Comparison-shopping-engine/Comparison-shopping-engine-core-entities
Generating dependency graph for directory /home/travis/build/gedgaudasnikita/Comparison-shopping-engine/Comparison-shopping-engine-frontend-android
Generating dependency graph for directory /home/travis/build/gedgaudasnikita/Comparison-shopping-engine/Comparison-shopping-engine-web-protocol
Generating dependency graph for directory /home/travis/build/gedgaudasnikita/Comparison-shopping-engine/Comparison-shopping-engine-frontend-android/src/Elements/ItemLine/Components
Generating dependency graph for directory /home/travis/build/gedgaudasnikita/Comparison-shopping-engine/Comparison-shopping-engine-backend/src/Controller
Generating dependency graph for directory /home/travis/build/gedgaudasnikita/Comparison-shopping-engine/Comparison-shopping-engine-core-entities/src/CoreEntities
Generating dependency graph for directory /home/travis/build/gedgaudasnikita/Comparison-shopping-engine/Comparison-shopping-engine-backend/src/CoreEntities
Generating dependency graph for directory /home/travis/build/gedgaudasnikita/Comparison-shopping-engine/Comparison-shopping-engine-frontend-android/src/Elements
Generating dependency graph for directory /home/travis/build/gedgaudasnikita/Comparison-shopping-engine/Comparison-shopping-engine-web-protocol/src/Protocol/Endpoints
Generating dependency graph for directory /home/travis/build/gedgaudasnikita/Comparison-shopping-engine/Comparison-shopping-engine-backend/src/Server/Endpoints
Generating dependency graph for directory /home/travis/build/gedgaudasnikita/Comparison-shopping-engine/Comparison-shopping-engine-frontend-android/src/Extensions
Generating dependency graph for directory /home/travis/build/gedgaudasnikita/Comparison-shopping-engine/Comparison-shopping-engine-core-entities/src/Extensions
Generating dependency graph for directory /home/travis/build/gedgaudasnikita/Comparison-shopping-engine/Comparison-shopping-engine-backend/src/Extensions
Generating dependency graph for directory /home/travis/build/gedgaudasnikita/Comparison-shopping-engine/Comparison-shopping-engine-frontend-android/src/ImageRecognition
Generating dependency graph for directory /home/travis/build/gedgaudasnikita/Comparison-shopping-engine/Comparison-shopping-engine-backend/src/ImageRecognition
Generating dependency graph for directory /home/travis/build/gedgaudasnikita/Comparison-shopping-engine/Comparison-shopping-engine-core-entities/src/CoreEntities/ItemComparers
Generating dependency graph for directory /home/travis/build/gedgaudasnikita/Comparison-shopping-engine/Comparison-shopping-engine-frontend-android/src/Elements/ItemLine
Generating dependency graph for directo/home/travis/build/gedgaudasnikita/Comparison-shopping-engine/Comparison-shopping-engine-backend/src/ImageRecognition/Parsers/DateParser.cs:14: warning: Unexpected xml/html command summary found
/home/travis/build/gedgaudasnikita/Comparison-shopping-engine/Comparison-shopping-engine-backend/src/ImageRecognition/Parsers/ItemListParser.cs:15: warning: Unexpected xml/html command summary found
/home/travis/build/gedgaudasnikita/Comparison-shopping-engine/Comparison-shopping-engine-backend/src/ImageRecognition/Parsers/StoreParser.cs:14: warning: Unexpected xml/html command summary found
/home/travis/build/gedgaudasnikita/Comparison-shopping-engine/Comparison-shopping-engine-backend/src/ImageRecognition/Parsers/DateParser.cs:14: warning: Unexpected xml/html command summary found
/home/travis/build/gedgaudasnikita/Comparison-shopping-engine/Comparison-shopping-engine-backend/src/ImageRecognition/Parsers/ItemListParser.cs:15: warning: Unexpected xml/html command summary found
/home/travis/build/gedgaudasnikita/Comparison-shopping-engine/Comparison-shopping-engine-backend/src/ImageRecognition/Parsers/StoreParser.cs:14: warning: Unexpected xml/html command summary found
ry /home/travis/build/gedgaudasnikita/Comparison-shopping-engine/Comparison-shopping-engine-frontend-android/src/Network
Generating dependency graph for directory /home/travis/build/gedgaudasnikita/Comparison-shopping-engine/Comparison-shopping-engine-frontend-android/src/Other
Generating dependency graph for directory /home/travis/build/gedgaudasnikita/Comparison-shopping-engine/Comparison-shopping-engine-backend/src/ImageRecognition/Parsers
Generating dependency graph for directory /home/travis/build/gedgaudasnikita/Comparison-shopping-engine/Comparison-shopping-engine-web-protocol/src/Protocol
Generating dependency graph for directory /home/travis/build/gedgaudasnikita/Comparison-shopping-engine/Comparison-shopping-engine-frontend-android/Resources
Generating dependency graph for directory /home/travis/build/gedgaudasnikita/Comparison-shopping-engine/Comparison-shopping-engine-backend/src/Server/Routers
Generating dependency graph for directory /home/travis/build/gedgaudasnikita/Comparison-shopping-engine/Comparison-shopping-engine-backend/src/Server
Generating dependency graph for directory /home/travis/build/gedgaudasnikita/Comparison-shopping-engine/Comparison-shopping-engine-backend/src/Server/Servers
Generating dependency graph for directory /home/travis/build/gedgaudasnikita/Comparison-shopping-engine/Comparison-shopping-engine-web-protocol/src
Generating dependency graph for directory /home/travis/build/gedgaudasnikita/Comparison-shopping-engine/Comparison-shopping-engine-frontend-android/src
Generating dependency graph for directory /home/travis/build/gedgaudasnikita/Comparison-shopping-engine/Comparison-shopping-engine-core-entities/src
Generating dependency graph for directory /home/travis/build/gedgaudasnikita/Comparison-shopping-engine/Comparison-shopping-engine-backend/src
Generating dependency graph for directory /home/travis/build/gedgaudasnikita/Comparison-shopping-engine/Comparison-shopping-engine-frontend-android/src/Utilities
Generating index page...
Generating page index...
Generating module index...
Generating namespace member index...
Generating annotated compound index...
Generating alphabetical compound index...
Generating hierarchical class index...
Generating graphical class hierarchy...
Generating member index...
Generating file index...
Generating file member index...
Generating example index...
finalizing index lists...
Running dot...
Generating dot graphs using 33 parallel threads...
Running dot for graph 1/167
Running dot for graph 2/167
Running dot for graph 3/167
Running dot for graph 4/167
Running dot for graph 5/167
Running dot for graph 6/167
Running dot for graph 7/167
Running dot for graph 8/167
Running dot for graph 9/167
Running dot for graph 10/167
Running dot for graph 11/167
Running dot for graph 12/167
Running dot for graph 13/167
Running dot for graph 14/167
Running dot for graph 15/167
Running dot for graph 16/167
Running dot for graph 17/167
Running dot for graph 18/167
Running dot for graph 19/167
Running dot for graph 20/167
Running dot for graph 21/167
Running dot for graph 22/167
Running dot for graph 23/167
Running dot for graph 24/167
Running dot for graph 25/167
Running dot for graph 26/167
Running dot for graph 27/167
Running dot for graph 28/167
Running dot for graph 29/167
Running dot for graph 30/167
Running dot for graph 31/167
Running dot for graph 32/167
Running dot for graph 33/167
Running dot for graph 34/167
Running dot for graph 35/167
Running dot for graph 36/167
Running dot for graph 37/167
Running dot for graph 38/167
Running dot for graph 39/167
Running dot for graph 40/167
Running dot for graph 41/167
Running dot for graph 42/167
Running dot for graph 43/167
Running dot for graph 44/167
Running dot for graph 45/167
Running dot for graph 46/167
Running dot for graph 47/167
Running dot for graph 48/167
Running dot for graph 49/167
Running dot for graph 50/167
Running dot for graph 51/167
Running dot for graph 52/167
Running dot for graph 53/167
Running dot for graph 54/167
Running dot for graph 55/167
Running dot for graph 56/167
Running dot for graph 57/167
Running dot for graph 58/167
Running dot for graph 59/167
Running dot for graph 60/167
Running dot for graph 61/167
Running dot for graph 62/167
Running dot for graph 63/167
Running dot for graph 64/167
Running dot for graph 65/167
Running dot for graph 66/167
Running dot for graph 67/167
Running dot for graph 68/167
Running dot for graph 69/167
Running dot for graph 70/167
Running dot for graph 71/167
Running dot for graph 72/167
Running dot for graph 73/167
Running dot for graph 74/167
Running dot for graph 75/167
Running dot for graph 76/167
Running dot for graph 77/167
Running dot for graph 78/167
Running dot for graph 79/167
Running dot for graph 80/167
Running dot for graph 81/167
Running dot for graph 82/167
Running dot for graph 83/167
Running dot for graph 84/167
Running dot for graph 85/167
Running dot for graph 86/167
Running dot for graph 87/167
Running dot for graph 88/167
Running dot for graph 89/167
Running dot for graph 90/167
Running dot for graph 91/167
Running dot for graph 92/167
Running dot for graph 93/167
Running dot for graph 94/167
Running dot for graph 95/167
Running dot for graph 96/167
Running dot for graph 97/167
Running dot for graph 98/167
Running dot for graph 99/167
Running dot for graph 100/167
Running dot for graph 101/167
Running dot for graph 102/167
Running dot for graph 103/167
Running dot for graph 104/167
Running dot for graph 105/167
Running dot for graph 106/167
Running dot for graph 107/167
Running dot for graph 108/167
Running dot for graph 109/167
Running dot for graph 110/167
Running dot for graph 111/167
Running dot for graph 112/167
Running dot for graph 113/167
Running dot for graph 114/167
Running dot for graph 115/167
Running dot for graph 116/167
Running dot for graph 117/167
Running dot for graph 118/167
Running dot for graph 119/167
Running dot for graph 120/167
Running dot for graph 121/167
Running dot for graph 122/167
Running dot for graph 123/167
Running dot for graph 124/167
Running dot for graph 125/167
Running dot for graph 126/167
Running dot for graph 127/167
Running dot for graph 128/167
Running dot for graph 129/167
Running dot for graph 130/167
Running dot for graph 131/167
Running dot for graph 132/167
Running dot for graph 133/167
Running dot for graph 134/167
Running dot for graph 135/167
Running dot for graph 136/167
Running dot for graph 137/167
Running dot for graph 138/167
Running dot for graph 139/167
Running dot for graph 140/167
Running dot for graph 141/167
Running dot for graph 142/167
Running dot for graph 143/167
Running dot for graph 144/167
Running dot for graph 145/167
Running dot for graph 146/167
Running dot for graph 147/167
Running dot for graph 148/167
Running dot for graph 149/167
Running dot for graph 150/167
Running dot for graph 151/167
Running dot for graph 152/167
Running dot for graph 153/167
Running dot for graph 154/167
Running dot for graph 155/167
Running dot for graph 156/167
Running dot for graph 157/167
Running dot for graph 158/167
Running dot for graph 159/167
Running dot for graph 160/167
Running dot for graph 161/167
Running dot for graph 162/167
Running dot for graph 163/167
Running dot for graph 164/167
Running dot for graph 165/167
Running dot for graph 166/167
Running dot for graph 167/167
Patching output file 1/93
Patching output file 2/93
Patching output file 3/93
Patching output file 4/93
Patching output file 5/93
Patching output file 6/93
Patching output file 7/93
Patching output file 8/93
Patching output file 9/93
Patching output file 10/93
Patching output file 11/93
Patching output file 12/93
Patching output file 13/93
Patching output file 14/93
Patching output file 15/93
Patching output file 16/93
Patching output file 17/93
Patching output file 18/93
Patching output file 19/93
Patching output file 20/93
Patching output file 21/93
Patching output file 22/93
Patching output file 23/93
Patching output file 24/93
Patching output file 25/93
Patching output file 26/93
Patching output file 27/93
Patching output file 28/93
Patching output file 29/93
Patching output file 30/93
Patching output file 31/93
Patching output file 32/93
Patching output file 33/93
Patching output file 34/93
Patching output file 35/93
Patching output file 36/93
Patching output file 37/93
Patching output file 38/93
Patching output file 39/93
Patching output file 40/93
Patching output file 41/93
Patching output file 42/93
Patching output file 43/93
Patching output file 44/93
Patching output file 45/93
Patching output file 46/93
Patching output file 47/93
Patching output file 48/93
Patching output file 49/93
Patching output file 50/93
Patching output file 51/93
Patching output file 52/93
Patching output file 53/93
Patching output file 54/93
Patching output file 55/93
Patching output file 56/93
Patching output file 57/93
Patching output file 58/93
Patching output file 59/93
Patching output file 60/93
Patching output file 61/93
Patching output file 62/93
Patching output file 63/93
Patching output file 64/93
Patching output file 65/93
Patching output file 66/93
Patching output file 67/93
Patching output file 68/93
Patching output file 69/93
Patching output file 70/93
Patching output file 71/93
Patching output file 72/93
Patching output file 73/93
Patching output file 74/93
Patching output file 75/93
Patching output file 76/93
Patching output file 77/93
Patching output file 78/93
Patching output file 79/93
Patching output file 80/93
Patching output file 81/93
Patching output file 82/93
Patching output file 83/93
Patching output file 84/93
Patching output file 85/93
Patching output file 86/93
Patching output file 87/93
Patching output file 88/93
Patching output file 89/93
Patching output file 90/93
Patching output file 91/93
Patching output file 92/93
Patching output file 93/93
lookup cache used 1484/65536 hits=3759 misses=1529
finished...
